{
  "stats": {
    "suites": 1,
    "tests": 1,
    "passes": 1,
    "pending": 0,
    "failures": 0,
    "start": "2020-07-07T19:30:35.798Z",
    "end": "2020-07-07T19:30:51.310Z",
    "duration": 15512,
    "testsRegistered": 1,
    "passPercent": 100,
    "pendingPercent": 0,
    "other": 0,
    "hasOther": false,
    "skipped": 0,
    "hasSkipped": false
  },
  "results": [
    {
      "uuid": "868b5037-5429-45f5-87c2-3dbe2f8d5284",
      "title": "",
      "fullFile": "cypress/integration/sampletests/back_fwd_test.js",
      "file": "cypress/integration/sampletests/back_fwd_test.js",
      "beforeHooks": [],
      "afterHooks": [],
      "tests": [],
      "suites": [
        {
          "uuid": "8e4618cd-71d2-4014-95b1-1b96279193da",
          "title": "back and fwd button simulate",
          "fullFile": "",
          "file": "",
          "beforeHooks": [],
          "afterHooks": [],
          "tests": [
            {
              "title": "back-fwd test",
              "fullTitle": "back and fwd button simulate back-fwd test",
              "timedOut": null,
              "duration": 13688,
              "state": "passed",
              "speed": "slow",
              "pass": true,
              "fail": false,
              "pending": false,
              "context": null,
              "code": "cy.visit('https://www.freshworks.com/');\ncy.contains('Platform').click();\ncy.go('back', {\n  timeout: 5000\n}); // cy.go(-1)\ncy.wait(200);\ncy.go('forward'); //cy.go(1)",
              "err": {},
              "uuid": "11d358ca-2af8-4c03-ba8c-8f3935626fd5",
              "parentUUID": "8e4618cd-71d2-4014-95b1-1b96279193da",
              "isHook": false,
              "skipped": false
            }
          ],
          "suites": [],
          "passes": [
            "11d358ca-2af8-4c03-ba8c-8f3935626fd5"
          ],
          "failures": [],
          "pending": [],
          "skipped": [],
          "duration": 13688,
          "root": false,
          "rootEmpty": false,
          "_timeout": 2000
        }
      ],
      "passes": [],
      "failures": [],
      "pending": [],
      "skipped": [],
      "duration": 0,
      "root": true,
      "rootEmpty": true,
      "_timeout": 2000
    }
  ],
  "meta": {
    "mocha": {
      "version": "7.0.1"
    },
    "mochawesome": {
      "options": {
        "quiet": false,
        "reportFilename": "report",
        "saveHtml": true,
        "saveJson": true,
        "consoleReporter": "spec",
        "useInlineDiffs": false,
        "code": true
      },
      "version": "6.1.1"
    },
    "marge": {
      "options": {
        "reportDir": "cypress/reports",
        "reportFilename": "report",
        "overwrite": false,
        "html": true,
        "json": true,
        "charts": true
      },
      "version": "5.1.0"
    }
  }
}