{
  "stats": {
    "suites": 1,
    "tests": 1,
    "passes": 1,
    "pending": 0,
    "failures": 0,
    "start": "2020-07-07T19:30:08.149Z",
    "end": "2020-07-07T19:30:13.383Z",
    "duration": 5234,
    "testsRegistered": 1,
    "passPercent": 100,
    "pendingPercent": 0,
    "other": 0,
    "hasOther": false,
    "skipped": 0,
    "hasSkipped": false
  },
  "results": [
    {
      "uuid": "0bc956dd-eec4-4a5d-bdd6-8ed289c714b4",
      "title": "",
      "fullFile": "cypress/integration/sampletests/amazon_search_within_test.js",
      "file": "cypress/integration/sampletests/amazon_search_within_test.js",
      "beforeHooks": [],
      "afterHooks": [],
      "tests": [],
      "suites": [
        {
          "uuid": "26668e84-ff56-4f2e-b641-7ef0da4c628f",
          "title": "amazon search app",
          "fullFile": "",
          "file": "",
          "beforeHooks": [],
          "afterHooks": [],
          "tests": [
            {
              "title": "search test",
              "fullTitle": "amazon search app search test",
              "timedOut": null,
              "duration": 3475,
              "state": "passed",
              "speed": "slow",
              "pass": true,
              "fail": false,
              "pending": false,
              "context": null,
              "code": "cy.visit('https://www.amazon.in/');\ncy.get('.nav-search-field ').within(function () {\n  cy.get('#twotabsearchtextbox').type('Apple Mac Book laptop');\n});",
              "err": {},
              "uuid": "2125ca88-2dc5-44e7-a755-fa3e34c30d1d",
              "parentUUID": "26668e84-ff56-4f2e-b641-7ef0da4c628f",
              "isHook": false,
              "skipped": false
            }
          ],
          "suites": [],
          "passes": [
            "2125ca88-2dc5-44e7-a755-fa3e34c30d1d"
          ],
          "failures": [],
          "pending": [],
          "skipped": [],
          "duration": 3475,
          "root": false,
          "rootEmpty": false,
          "_timeout": 2000
        }
      ],
      "passes": [],
      "failures": [],
      "pending": [],
      "skipped": [],
      "duration": 0,
      "root": true,
      "rootEmpty": true,
      "_timeout": 2000
    }
  ],
  "meta": {
    "mocha": {
      "version": "7.0.1"
    },
    "mochawesome": {
      "options": {
        "quiet": false,
        "reportFilename": "report",
        "saveHtml": true,
        "saveJson": true,
        "consoleReporter": "spec",
        "useInlineDiffs": false,
        "code": true
      },
      "version": "6.1.1"
    },
    "marge": {
      "options": {
        "reportDir": "cypress/reports",
        "reportFilename": "report",
        "overwrite": false,
        "html": true,
        "json": true,
        "charts": true
      },
      "version": "5.1.0"
    }
  }
}