{
  "stats": {
    "suites": 1,
    "tests": 3,
    "passes": 3,
    "pending": 0,
    "failures": 0,
    "start": "2020-07-07T19:30:17.188Z",
    "end": "2020-07-07T19:30:33.269Z",
    "duration": 16081,
    "testsRegistered": 3,
    "passPercent": 100,
    "pendingPercent": 0,
    "other": 0,
    "hasOther": false,
    "skipped": 0,
    "hasSkipped": false
  },
  "results": [
    {
      "uuid": "502df834-9689-4d24-a448-f53b3b52f1b1",
      "title": "",
      "fullFile": "cypress/integration/sampletests/automationPractice_test.js",
      "file": "cypress/integration/sampletests/automationPractice_test.js",
      "beforeHooks": [],
      "afterHooks": [],
      "tests": [],
      "suites": [
        {
          "uuid": "6d08335b-7f41-4e7b-b0df-b969c85aeaea",
          "title": "automation practice features testing",
          "fullFile": "",
          "file": "",
          "beforeHooks": [],
          "afterHooks": [],
          "tests": [
            {
              "title": "should login",
              "fullTitle": "automation practice features testing should login",
              "timedOut": null,
              "duration": 9413,
              "state": "passed",
              "speed": "slow",
              "pass": true,
              "fail": false,
              "pending": false,
              "context": null,
              "code": "cy.url().should('include', 'controller=my-account');\ncy.get('.myaccount-link-list a').should('have.length', 5);",
              "err": {},
              "uuid": "c2a8259c-e452-46d5-a0e1-81f9285bb917",
              "parentUUID": "6d08335b-7f41-4e7b-b0df-b969c85aeaea",
              "isHook": false,
              "skipped": false
            },
            {
              "title": "should navigate to home page",
              "fullTitle": "automation practice features testing should navigate to home page",
              "timedOut": null,
              "duration": 1814,
              "state": "passed",
              "speed": "slow",
              "pass": true,
              "fail": false,
              "pending": false,
              "context": null,
              "code": "cy.get('.icon-chevron-left').last().click().url().should('include', 'index.php');",
              "err": {},
              "uuid": "d5f6fb7c-2aa0-4928-b3cf-a13215e79205",
              "parentUUID": "6d08335b-7f41-4e7b-b0df-b969c85aeaea",
              "isHook": false,
              "skipped": false
            },
            {
              "title": "should search",
              "fullTitle": "automation practice features testing should search",
              "timedOut": null,
              "duration": 1825,
              "state": "passed",
              "speed": "slow",
              "pass": true,
              "fail": false,
              "pending": false,
              "context": null,
              "code": "cy.search('Dress');\ncy.get('.lighter').should('contain.text', 'Dress');",
              "err": {},
              "uuid": "36f42b6e-81c7-47b5-954d-4011c6bca40c",
              "parentUUID": "6d08335b-7f41-4e7b-b0df-b969c85aeaea",
              "isHook": false,
              "skipped": false
            }
          ],
          "suites": [],
          "passes": [
            "c2a8259c-e452-46d5-a0e1-81f9285bb917",
            "d5f6fb7c-2aa0-4928-b3cf-a13215e79205",
            "36f42b6e-81c7-47b5-954d-4011c6bca40c"
          ],
          "failures": [],
          "pending": [],
          "skipped": [],
          "duration": 13052,
          "root": false,
          "rootEmpty": false,
          "_timeout": 2000
        }
      ],
      "passes": [],
      "failures": [],
      "pending": [],
      "skipped": [],
      "duration": 0,
      "root": true,
      "rootEmpty": true,
      "_timeout": 2000
    }
  ],
  "meta": {
    "mocha": {
      "version": "7.0.1"
    },
    "mochawesome": {
      "options": {
        "quiet": false,
        "reportFilename": "report",
        "saveHtml": true,
        "saveJson": true,
        "consoleReporter": "spec",
        "useInlineDiffs": false,
        "code": true
      },
      "version": "6.1.1"
    },
    "marge": {
      "options": {
        "reportDir": "cypress/reports",
        "reportFilename": "report",
        "overwrite": false,
        "html": true,
        "json": true,
        "charts": true
      },
      "version": "5.1.0"
    }
  }
}